Using pre-set license
Built from '6000.1/staging' branch; Version is '6000.1.2f1 (8e2281df4c52) revision 9314945'; Using compiler version '194234433'; Build Type 'Release'
OS: 'Windows 11  (10.0.26100) 64bit Core' Language: 'en' Physical Memory: 16202 MB
BatchMode: 1, IsHumanControllingUs: 0, StartBugReporterOnCrash: 0, Is64bit: 1, IsPro: 1
Date: 2025-05-22T07:22:07Z

COMMAND LINE ARGUMENTS:
C:\Program Files\Unity\Hub\Editor\6000.1.2f1\Editor\Unity.exe
-adb2
-batchMode
-noUpm
-name
AssetImportWorker12
-projectPath
C:/Users/patri/OneDrive/Documenten/Github/PRTA_Project/My project (4)
-logFile
Logs/AssetImportWorker12.log
-srvPort
62463
-job-worker-count
7
-background-job-worker-count
8
-gc-helper-count
1
-name
AssetImport
Successfully changed project path to: C:/Users/patri/OneDrive/Documenten/Github/PRTA_Project/My project (4)
C:/Users/patri/OneDrive/Documenten/Github/PRTA_Project/My project (4)
[UnityMemory] Configuration Parameters - Can be set up in boot.config
    "memorysetup-allocator-temp-initial-block-size-main=262144"
    "memorysetup-allocator-temp-initial-block-size-worker=262144"
    "memorysetup-bucket-allocator-granularity=16"
    "memorysetup-bucket-allocator-bucket-count=8"
    "memorysetup-bucket-allocator-block-size=33554432"
    "memorysetup-bucket-allocator-block-count=8"
    "memorysetup-main-allocator-block-size=16777216"
    "memorysetup-thread-allocator-block-size=16777216"
    "memorysetup-gfx-main-allocator-block-size=16777216"
    "memorysetup-gfx-thread-allocator-block-size=16777216"
    "memorysetup-cache-allocator-block-size=4194304"
    "memorysetup-typetree-allocator-block-size=2097152"
    "memorysetup-profiler-bucket-allocator-granularity=16"
    "memorysetup-profiler-bucket-allocator-bucket-count=8"
    "memorysetup-profiler-bucket-allocator-block-size=33554432"
    "memorysetup-profiler-bucket-allocator-block-count=8"
    "memorysetup-profiler-allocator-block-size=16777216"
    "memorysetup-profiler-editor-allocator-block-size=1048576"
    "memorysetup-temp-allocator-size-main=16777216"
    "memorysetup-job-temp-allocator-block-size=2097152"
    "memorysetup-job-temp-allocator-block-size-background=1048576"
    "memorysetup-job-temp-allocator-reduction-small-platforms=262144"
    "memorysetup-temp-allocator-size-background-worker=32768"
    "memorysetup-temp-allocator-size-job-worker=262144"
    "memorysetup-temp-allocator-size-preload-manager=33554432"
    "memorysetup-temp-allocator-size-nav-mesh-worker=65536"
    "memorysetup-temp-allocator-size-audio-worker=65536"
    "memorysetup-temp-allocator-size-cloud-worker=32768"
    "memorysetup-temp-allocator-size-gi-baking-worker=262144"
    "memorysetup-temp-allocator-size-gi-baking-worker=262144"
    "memorysetup-temp-allocator-size-gi-baking-worker=262144"
    "memorysetup-temp-allocator-size-gi-baking-worker=262144"
    "memorysetup-temp-allocator-size-gi-baking-worker=262144"
    "memorysetup-temp-allocator-size-gfx=262144"
Player connection [28832]  Target information:

Player connection [28832]  * "[IP] 10.11.16.26 [Port] 0 [Flags] 2 [Guid] 2758372130 [EditorId] 2758372130 [Version] 1048832 [Id] WindowsEditor(7,Patries) [Debug] 1 [PackageName] WindowsEditor [ProjectName] Editor" 

Player connection [28832] Host joined multi-casting on [225.0.0.222:54997]...
Player connection [28832] Host joined alternative multi-casting on [225.0.0.222:34997]...
JobSystem: Creating JobQueue using job-worker-count value 7
Input System module state changed to: Initialized.
[Physics::Module] Initialized fallback backend.
[Physics::Module] Id: 0xdecafbad
Library Redirect Path: Library/
[Physics::Module] Selected backend.
[Physics::Module] Name: PhysX
[Physics::Module] Id: 0xf2b8ea05
[Physics::Module] SDK Version: 4.1.2
[Physics::Module] Integration Version: 1.0.0
[Physics::Module] Threading Mode: Multi-Threaded
Refreshing native plugins compatible for Editor in 5.95 ms, found 4 plugins.
Preloading 0 native plugins for Editor in 0.00 ms.
Initialize engine version: 6000.1.2f1 (8e2281df4c52)
[Subsystems] Discovering subsystems at path C:/Program Files/Unity/Hub/Editor/6000.1.2f1/Editor/Data/Resources/UnitySubsystems
[Subsystems] Discovering subsystems at path C:/Users/patri/OneDrive/Documenten/Github/PRTA_Project/My project (4)/Assets
GfxDevice: creating device client; kGfxThreadingModeNonThreaded
Direct3D:
    Version:         Direct3D 12 [level 12.1]
    Renderer:        NVIDIA GeForce RTX 3050 Laptop GPU (ID=0x25a2)
    Vendor:          NVIDIA
    VRAM:            3964 MB
    App VRAM Budget: 3369 MB
    Driver:          32.0.15.6636
Initialize mono
Mono path[0] = 'C:/Program Files/Unity/Hub/Editor/6000.1.2f1/Editor/Data/Managed'
Mono path[1] = 'C:/Program Files/Unity/Hub/Editor/6000.1.2f1/Editor/Data/MonoBleedingEdge/lib/mono/unityjit-win32'
Mono config path = 'C:/Program Files/Unity/Hub/Editor/6000.1.2f1/Editor/Data/MonoBleedingEdge/etc'
Using monoOptions --debugger-agent=transport=dt_socket,embedding=1,server=y,suspend=n,address=127.0.0.1:56560
Begin MonoManager ReloadAssembly
Registering precompiled unity dll's ...
Register platform support module: C:/Program Files/Unity/Hub/Editor/6000.1.2f1/Editor/Data/PlaybackEngines/WindowsStandaloneSupport/UnityEditor.WindowsStandalone.Extensions.dll
Registered in 0.004686 seconds.
- Loaded All Assemblies, in  0.747 seconds
Native extension for WindowsStandalone target not found
Mono: successfully reloaded assembly
- Finished resetting the current domain, in  0.786 seconds
Domain Reload Profiling: 1527ms
	BeginReloadAssembly (258ms)
		ExecutionOrderSort (0ms)
		DisableScriptedObjects (0ms)
		BackupInstance (0ms)
		ReleaseScriptingObjects (0ms)
		CreateAndSetChildDomain (1ms)
	RebuildCommonClasses (76ms)
	RebuildNativeTypeToScriptingClass (18ms)
	initialDomainReloadingComplete (93ms)
	LoadAllAssembliesAndSetupDomain (296ms)
		LoadAssemblies (250ms)
		RebuildTransferFunctionScriptingTraits (0ms)
		AnalyzeDomain (291ms)
			TypeCache.Refresh (288ms)
				TypeCache.ScanAssembly (262ms)
			BuildScriptInfoCaches (0ms)
			ResolveRequiredComponents (1ms)
	FinalizeReload (787ms)
		ReleaseScriptCaches (0ms)
		RebuildScriptCaches (0ms)
		SetupLoadedEditorAssemblies (672ms)
			LogAssemblyErrors (0ms)
			InitializePlatformSupportModulesInManaged (87ms)
			SetLoadedEditorAssemblies (7ms)
			BeforeProcessingInitializeOnLoad (133ms)
			ProcessInitializeOnLoadAttributes (268ms)
			ProcessInitializeOnLoadMethodAttributes (177ms)
			AfterProcessingInitializeOnLoad (0ms)
			EditorAssembliesLoaded (0ms)
		ExecutionOrderSort2 (0ms)
		AwakeInstancesAfterBackupRestoration (0ms)
========================================================================
Worker process is ready to serve import requests
Import Worker Mode flag is 0x00
Begin MonoManager ReloadAssembly
- Loaded All Assemblies, in  2.419 seconds
Refreshing native plugins compatible for Editor in 24.90 ms, found 4 plugins.
Native extension for WindowsStandalone target not found
Mono: successfully reloaded assembly
- Finished resetting the current domain, in  1.835 seconds
Domain Reload Profiling: 4242ms
	BeginReloadAssembly (417ms)
		ExecutionOrderSort (0ms)
		DisableScriptedObjects (11ms)
		BackupInstance (0ms)
		ReleaseScriptingObjects (0ms)
		CreateAndSetChildDomain (84ms)
	RebuildCommonClasses (88ms)
	RebuildNativeTypeToScriptingClass (20ms)
	initialDomainReloadingComplete (94ms)
	LoadAllAssembliesAndSetupDomain (1787ms)
		LoadAssemblies (1502ms)
		RebuildTransferFunctionScriptingTraits (0ms)
		AnalyzeDomain (538ms)
			TypeCache.Refresh (394ms)
				TypeCache.ScanAssembly (359ms)
			BuildScriptInfoCaches (117ms)
			ResolveRequiredComponents (21ms)
	FinalizeReload (1836ms)
		ReleaseScriptCaches (0ms)
		RebuildScriptCaches (0ms)
		SetupLoadedEditorAssemblies (1494ms)
			LogAssemblyErrors (0ms)
			InitializePlatformSupportModulesInManaged (3ms)
			SetLoadedEditorAssemblies (6ms)
			BeforeProcessingInitializeOnLoad (380ms)
			ProcessInitializeOnLoadAttributes (844ms)
			ProcessInitializeOnLoadMethodAttributes (248ms)
			AfterProcessingInitializeOnLoad (12ms)
			EditorAssembliesLoaded (0ms)
		ExecutionOrderSort2 (0ms)
		AwakeInstancesAfterBackupRestoration (13ms)
Launched and connected shader compiler UnityShaderCompiler.exe after 0.02 seconds
Refreshing native plugins compatible for Editor in 4.62 ms, found 4 plugins.
Preloading 0 native plugins for Editor in 0.00 ms.
Unloading 231 Unused Serialized files (Serialized files now loaded: 0)
Unloading 6602 unused Assets / (2.4 MB). Loaded Objects now: 7333.
Memory consumption went from 180.4 MB to 178.1 MB.
Total: 25.976100 ms (FindLiveObjects: 2.035300 ms CreateObjectMapping: 3.281100 ms MarkObjects: 15.194800 ms  DeleteObjects: 5.461900 ms)

========================================================================
Received Import Request.
  Time since last request: 520867.825137 seconds.
  path: Assets/YughuesFreeFlooringMaterials/Preview/P_Sphere.prefab
  artifactKey: Guid(0bd8d7cd203cdb447a7be61519d7b22c) Importer(2089858483,192608db42251d675da83286b1cce702)
Start importing Assets/YughuesFreeFlooringMaterials/Preview/P_Sphere.prefab using Guid(0bd8d7cd203cdb447a7be61519d7b22c) Importer(2089858483,192608db42251d675da83286b1cce702) (ScriptedImporter) -> (artifact id: '2eafd20bb98277b9bb900c7fce217b96') in 0.5054723 seconds
Number of updated asset objects reloaded before import = 0Number of asset objects unloaded after import = 17

========================================================================
Received Import Request.
  Time since last request: 0.000049 seconds.
  path: Assets/Free 32x32 Isometric Tileset Pack/Tile Palette/Palette Tiles/Free Isometric Pack Spritesheet_7.asset
  artifactKey: Guid(c95ac0afa82a03047a3b4abe424472e2) Importer(2089858483,3d70f49cd1c2eb9ae422958d1c652c6b)
Start importing Assets/Free 32x32 Isometric Tileset Pack/Tile Palette/Palette Tiles/Free Isometric Pack Spritesheet_7.asset using Guid(c95ac0afa82a03047a3b4abe424472e2) Importer(2089858483,3d70f49cd1c2eb9ae422958d1c652c6b) (ScriptedImporter) -> (artifact id: '22b984a8c49b734fe0bd6e9a77dca082') in 0.0265625 seconds
Number of updated asset objects reloaded before import = 0Number of asset objects unloaded after import = 1

========================================================================
Received Import Request.
  Time since last request: 0.000055 seconds.
  path: Assets/Free 32x32 Isometric Tileset Pack/Tile Palette/Palette Tiles/Free Isometric Pack Spritesheet_6.asset
  artifactKey: Guid(e15829af497aabd4497fbee6de1f1981) Importer(2089858483,3d70f49cd1c2eb9ae422958d1c652c6b)
Start importing Assets/Free 32x32 Isometric Tileset Pack/Tile Palette/Palette Tiles/Free Isometric Pack Spritesheet_6.asset using Guid(e15829af497aabd4497fbee6de1f1981) Importer(2089858483,3d70f49cd1c2eb9ae422958d1c652c6b) (ScriptedImporter) -> (artifact id: '2e0ff66accf1954c98993a13afab86e7') in 0.0261103 seconds
Number of updated asset objects reloaded before import = 0Number of asset objects unloaded after import = 1

========================================================================
Received Import Request.
  Time since last request: 0.000032 seconds.
  path: Assets/YughuesFreeFlooringMaterials/Textures/T_YFFlM_10_d.tga
  artifactKey: Guid(0755e47b9a5be6f46b045f19db991e42) Importer(2089858483,192608db42251d675da83286b1cce702)
Start importing Assets/YughuesFreeFlooringMaterials/Textures/T_YFFlM_10_d.tga using Guid(0755e47b9a5be6f46b045f19db991e42) Importer(2089858483,192608db42251d675da83286b1cce702) (ScriptedImporter) -> (artifact id: 'ef6a3457d6e5fc5996a37499457969e7') in 0.1337546 seconds
Number of updated asset objects reloaded before import = 0Number of asset objects unloaded after import = 1

========================================================================
Received Import Request.
  Time since last request: 0.000038 seconds.
  path: Assets/YughuesFreeFlooringMaterials/Textures/T_YFFlM_12_d.tga
  artifactKey: Guid(c529681e142206a4cbb6030ec7746f3b) Importer(2089858483,192608db42251d675da83286b1cce702)
Start importing Assets/YughuesFreeFlooringMaterials/Textures/T_YFFlM_12_d.tga using Guid(c529681e142206a4cbb6030ec7746f3b) Importer(2089858483,192608db42251d675da83286b1cce702) (ScriptedImporter) -> (artifact id: '7b1761dd677b8b8607aab0c621f8f4a6') in 0.0387238 seconds
Number of updated asset objects reloaded before import = 0Number of asset objects unloaded after import = 1

========================================================================
Received Import Request.
  Time since last request: 0.000041 seconds.
  path: Assets/Settings/Scenes/RegionFivellegends.unity
  artifactKey: Guid(f7d1953d02257414a925c1b01cf3acb4) Importer(2089858483,192608db42251d675da83286b1cce702)
Start importing Assets/Settings/Scenes/RegionFivellegends.unity using Guid(f7d1953d02257414a925c1b01cf3acb4) Importer(2089858483,192608db42251d675da83286b1cce702) (ScriptedImporter) -> (artifact id: '375840a7b87e32f7a61c73178c2597a6') in 0.041102 seconds
Number of updated asset objects reloaded before import = 0Number of asset objects unloaded after import = 1

========================================================================
Received Import Request.
  Time since last request: 0.000025 seconds.
  path: Assets/Script/PlayerSpawn.cs
  artifactKey: Guid(6b9a7e0ec09238e4299744bc54e0380d) Importer(2089858483,192608db42251d675da83286b1cce702)
Start importing Assets/Script/PlayerSpawn.cs using Guid(6b9a7e0ec09238e4299744bc54e0380d) Importer(2089858483,192608db42251d675da83286b1cce702) (ScriptedImporter) -> (artifact id: '9d1366103a1a5715da1343004d5bcea1') in 0.0249245 seconds
Number of updated asset objects reloaded before import = 0Number of asset objects unloaded after import = 0

========================================================================
Received Import Request.
  Time since last request: 0.000036 seconds.
  path: Assets/Free 32x32 Isometric Tileset Pack/Tile Palette/Palette Tiles/Free Isometric Pack Spritesheet_2.asset
  artifactKey: Guid(15b6972f7cfb521429db087609cb86b0) Importer(2089858483,192608db42251d675da83286b1cce702)
Start importing Assets/Free 32x32 Isometric Tileset Pack/Tile Palette/Palette Tiles/Free Isometric Pack Spritesheet_2.asset using Guid(15b6972f7cfb521429db087609cb86b0) Importer(2089858483,192608db42251d675da83286b1cce702) (ScriptedImporter) -> (artifact id: 'e16c4f279ccca815e1eeb1a08f940421') in 0.0656694 seconds
Number of updated asset objects reloaded before import = 0Number of asset objects unloaded after import = 2

========================================================================
Received Import Request.
  Time since last request: 0.000058 seconds.
  path: Assets/YughuesFreeFlooringMaterials/Textures/T_YFFlM_01_d.tga
  artifactKey: Guid(2b1a0b72bb491c440a4e10beac3ae368) Importer(2089858483,192608db42251d675da83286b1cce702)
Start importing Assets/YughuesFreeFlooringMaterials/Textures/T_YFFlM_01_d.tga using Guid(2b1a0b72bb491c440a4e10beac3ae368) Importer(2089858483,192608db42251d675da83286b1cce702) (ScriptedImporter) -> (artifact id: '5ec6932944ccfb3c5e20c09942d75853') in 0.0450074 seconds
Number of updated asset objects reloaded before import = 0Number of asset objects unloaded after import = 1

========================================================================
Received Import Request.
  Time since last request: 0.000029 seconds.
  path: Assets/YughuesFreeFlooringMaterials/Textures/T_YFFlM_03_s.tga
  artifactKey: Guid(49aaf82dd3324344c86197aa25c12251) Importer(2089858483,192608db42251d675da83286b1cce702)
Start importing Assets/YughuesFreeFlooringMaterials/Textures/T_YFFlM_03_s.tga using Guid(49aaf82dd3324344c86197aa25c12251) Importer(2089858483,192608db42251d675da83286b1cce702) (ScriptedImporter) -> (artifact id: '9de7a50b87be08453f7ec7584c79d91d') in 0.0409781 seconds
Number of updated asset objects reloaded before import = 0Number of asset objects unloaded after import = 1

========================================================================
Received Import Request.
  Time since last request: 0.000028 seconds.
  path: Assets/BluBlu Games/2D Animated Skeletons/Animations/Skeleton animations/skeleton.controller
  artifactKey: Guid(9bbc8a8176849424d804c9ed1402f23c) Importer(2089858483,192608db42251d675da83286b1cce702)
Start importing Assets/BluBlu Games/2D Animated Skeletons/Animations/Skeleton animations/skeleton.controller using Guid(9bbc8a8176849424d804c9ed1402f23c) Importer(2089858483,192608db42251d675da83286b1cce702) (ScriptedImporter) -> (artifact id: '12396a1ec2c444be57059919af389ea6') in 0.0406606 seconds
Number of updated asset objects reloaded before import = 0Number of asset objects unloaded after import = 20

========================================================================
Received Import Request.
  Time since last request: 0.000046 seconds.
  path: Assets/BluBlu Games/2D Animated Skeletons/Animations/Skeleton wiith sword animations/Death Skeleton with sword.anim
  artifactKey: Guid(b2aa71faac6a4264e94138f9b5c4f823) Importer(2089858483,192608db42251d675da83286b1cce702)
Start importing Assets/BluBlu Games/2D Animated Skeletons/Animations/Skeleton wiith sword animations/Death Skeleton with sword.anim using Guid(b2aa71faac6a4264e94138f9b5c4f823) Importer(2089858483,192608db42251d675da83286b1cce702) (ScriptedImporter) -> (artifact id: '13191b3214031a20ba997e643ef920af') in 0.0416817 seconds
Number of updated asset objects reloaded before import = 0Number of asset objects unloaded after import = 1

========================================================================
Received Import Request.
  Time since last request: 0.000026 seconds.
  path: Assets/BluBlu Games/2D Animated Skeletons/Scenes/SampleScene.unity
  artifactKey: Guid(a3f9cc442540ce347bb3d61ddc9312f6) Importer(2089858483,3d70f49cd1c2eb9ae422958d1c652c6b)
Start importing Assets/BluBlu Games/2D Animated Skeletons/Scenes/SampleScene.unity using Guid(a3f9cc442540ce347bb3d61ddc9312f6) Importer(2089858483,3d70f49cd1c2eb9ae422958d1c652c6b) (ScriptedImporter)Opening scene 'Assets/BluBlu Games/2D Animated Skeletons/Scenes/SampleScene.unity additively'
Loaded scene 'Assets/BluBlu Games/2D Animated Skeletons/Scenes/SampleScene.unity'
	Deserialize:            1.891 ms
	Integration:            255.568 ms
	Integration of assets:  0.002 ms
	Thread Wait Time:       0.036 ms
	Total Operation Time:   257.497 ms
 -> (artifact id: '943130d18e68a5148cfea0ea1ac4f2bc') in 0.4396319 seconds
Number of updated asset objects reloaded before import = 0Number of asset objects unloaded after import = 601

========================================================================
Received Import Request.
  Time since last request: 0.000046 seconds.
  path: Assets/TextMesh Pro/Sprites/EmojiOne.png
  artifactKey: Guid(dffef66376be4fa480fb02b19edbe903) Importer(2089858483,192608db42251d675da83286b1cce702)
Start importing Assets/TextMesh Pro/Sprites/EmojiOne.png using Guid(dffef66376be4fa480fb02b19edbe903) Importer(2089858483,192608db42251d675da83286b1cce702) (ScriptedImporter) -> (artifact id: 'f29a69413065396a24672d1979ee6ca6') in 0.0406869 seconds
Number of updated asset objects reloaded before import = 0Number of asset objects unloaded after import = 1

========================================================================
Received Import Request.
  Time since last request: 0.000048 seconds.
  path: Assets/Free 32x32 Isometric Tileset Pack/Tile Palette/Palette Tiles/Free Isometric Pack Spritesheet_0.asset
  artifactKey: Guid(5c7edb569040af94e99c4c3e119f1367) Importer(2089858483,3d70f49cd1c2eb9ae422958d1c652c6b)
Start importing Assets/Free 32x32 Isometric Tileset Pack/Tile Palette/Palette Tiles/Free Isometric Pack Spritesheet_0.asset using Guid(5c7edb569040af94e99c4c3e119f1367) Importer(2089858483,3d70f49cd1c2eb9ae422958d1c652c6b) (ScriptedImporter) -> (artifact id: '36b99085bf84d5bc0116f2d0e965fd64') in 0.0245335 seconds
Number of updated asset objects reloaded before import = 0Number of asset objects unloaded after import = 1

========================================================================
Received Import Request.
  Time since last request: 0.000028 seconds.
  path: Assets/TextMesh Pro/Resources/TMP Settings.asset
  artifactKey: Guid(3f5b5dff67a942289a9defa416b206f3) Importer(2089858483,3d70f49cd1c2eb9ae422958d1c652c6b)
Start importing Assets/TextMesh Pro/Resources/TMP Settings.asset using Guid(3f5b5dff67a942289a9defa416b206f3) Importer(2089858483,3d70f49cd1c2eb9ae422958d1c652c6b) (ScriptedImporter) -> (artifact id: '7eb700e9d93e13005f42265af1ec20af') in 0.0630511 seconds
Number of updated asset objects reloaded before import = 0Number of asset objects unloaded after import = 14

========================================================================
Received Import Request.
  Time since last request: 0.000038 seconds.
  path: Assets/TextMesh Pro/Shaders/TMPro_Surface.cginc
  artifactKey: Guid(d930090c0cd643c7b55f19a38538c162) Importer(2089858483,192608db42251d675da83286b1cce702)
Start importing Assets/TextMesh Pro/Shaders/TMPro_Surface.cginc using Guid(d930090c0cd643c7b55f19a38538c162) Importer(2089858483,192608db42251d675da83286b1cce702) (ScriptedImporter) -> (artifact id: '148dc518d6dc8121c16be111e102c42b') in 0.0314991 seconds
Number of updated asset objects reloaded before import = 0Number of asset objects unloaded after import = 1

========================================================================
Received Prepare
Refreshing native plugins compatible for Editor in 3.73 ms, found 4 plugins.
Preloading 0 native plugins for Editor in 0.00 ms.
Unloading 14 Unused Serialized files (Serialized files now loaded: 0)
Unloading 15 unused Assets / (1.8 MB). Loaded Objects now: 7337.
Memory consumption went from 141.7 MB to 139.9 MB.
Total: 13.350200 ms (FindLiveObjects: 0.893900 ms CreateObjectMapping: 0.753700 ms MarkObjects: 10.802400 ms  DeleteObjects: 0.898300 ms)

Prepare: number of updated asset objects reloaded= 0
Editor requested this worker to shutdown with reason: balancing worker count downwards
AssetImportWorker is now disconnected from the server
Process exiting
Exiting without the bug reporter. Application will terminate with return code 0