Using pre-set license
Built from '6000.1/staging' branch; Version is '6000.1.2f1 (8e2281df4c52) revision 9314945'; Using compiler version '194234433'; Build Type 'Release'
OS: 'Windows 11  (10.0.26100) 64bit Core' Language: 'en' Physical Memory: 16202 MB
BatchMode: 1, IsHumanControllingUs: 0, StartBugReporterOnCrash: 0, Is64bit: 1, IsPro: 1
Date: 2025-05-22T07:22:07Z

COMMAND LINE ARGUMENTS:
C:\Program Files\Unity\Hub\Editor\6000.1.2f1\Editor\Unity.exe
-adb2
-batchMode
-noUpm
-name
AssetImportWorker5
-projectPath
C:/Users/patri/OneDrive/Documenten/Github/PRTA_Project/My project (4)
-logFile
Logs/AssetImportWorker5.log
-srvPort
62463
-job-worker-count
7
-background-job-worker-count
8
-gc-helper-count
1
-name
AssetImport
Successfully changed project path to: C:/Users/patri/OneDrive/Documenten/Github/PRTA_Project/My project (4)
C:/Users/patri/OneDrive/Documenten/Github/PRTA_Project/My project (4)
[UnityMemory] Configuration Parameters - Can be set up in boot.config
    "memorysetup-allocator-temp-initial-block-size-main=262144"
    "memorysetup-allocator-temp-initial-block-size-worker=262144"
    "memorysetup-bucket-allocator-granularity=16"
    "memorysetup-bucket-allocator-bucket-count=8"
    "memorysetup-bucket-allocator-block-size=33554432"
    "memorysetup-bucket-allocator-block-count=8"
    "memorysetup-main-allocator-block-size=16777216"
    "memorysetup-thread-allocator-block-size=16777216"
    "memorysetup-gfx-main-allocator-block-size=16777216"
    "memorysetup-gfx-thread-allocator-block-size=16777216"
    "memorysetup-cache-allocator-block-size=4194304"
    "memorysetup-typetree-allocator-block-size=2097152"
    "memorysetup-profiler-bucket-allocator-granularity=16"
    "memorysetup-profiler-bucket-allocator-bucket-count=8"
    "memorysetup-profiler-bucket-allocator-block-size=33554432"
    "memorysetup-profiler-bucket-allocator-block-count=8"
    "memorysetup-profiler-allocator-block-size=16777216"
    "memorysetup-profiler-editor-allocator-block-size=1048576"
    "memorysetup-temp-allocator-size-main=16777216"
    "memorysetup-job-temp-allocator-block-size=2097152"
    "memorysetup-job-temp-allocator-block-size-background=1048576"
    "memorysetup-job-temp-allocator-reduction-small-platforms=262144"
    "memorysetup-temp-allocator-size-background-worker=32768"
    "memorysetup-temp-allocator-size-job-worker=262144"
    "memorysetup-temp-allocator-size-preload-manager=33554432"
    "memorysetup-temp-allocator-size-nav-mesh-worker=65536"
    "memorysetup-temp-allocator-size-audio-worker=65536"
    "memorysetup-temp-allocator-size-cloud-worker=32768"
    "memorysetup-temp-allocator-size-gi-baking-worker=262144"
    "memorysetup-temp-allocator-size-gi-baking-worker=262144"
    "memorysetup-temp-allocator-size-gi-baking-worker=262144"
    "memorysetup-temp-allocator-size-gi-baking-worker=262144"
    "memorysetup-temp-allocator-size-gi-baking-worker=262144"
    "memorysetup-temp-allocator-size-gfx=262144"
Player connection [4724]  Target information:

Player connection [4724]  * "[IP] 10.11.16.26 [Port] 0 [Flags] 2 [Guid] 4093772098 [EditorId] 4093772098 [Version] 1048832 [Id] WindowsEditor(7,Patries) [Debug] 1 [PackageName] WindowsEditor [ProjectName] Editor" 

Player connection [4724] Host joined multi-casting on [225.0.0.222:54997]...
Player connection [4724] Host joined alternative multi-casting on [225.0.0.222:34997]...
JobSystem: Creating JobQueue using job-worker-count value 7
Input System module state changed to: Initialized.
[Physics::Module] Initialized fallback backend.
[Physics::Module] Id: 0xdecafbad
Library Redirect Path: Library/
[Physics::Module] Selected backend.
[Physics::Module] Name: PhysX
[Physics::Module] Id: 0xf2b8ea05
[Physics::Module] SDK Version: 4.1.2
[Physics::Module] Integration Version: 1.0.0
[Physics::Module] Threading Mode: Multi-Threaded
Refreshing native plugins compatible for Editor in 6.11 ms, found 4 plugins.
Preloading 0 native plugins for Editor in 0.00 ms.
Initialize engine version: 6000.1.2f1 (8e2281df4c52)
[Subsystems] Discovering subsystems at path C:/Program Files/Unity/Hub/Editor/6000.1.2f1/Editor/Data/Resources/UnitySubsystems
[Subsystems] Discovering subsystems at path C:/Users/patri/OneDrive/Documenten/Github/PRTA_Project/My project (4)/Assets
GfxDevice: creating device client; kGfxThreadingModeNonThreaded
Direct3D:
    Version:         Direct3D 12 [level 12.1]
    Renderer:        NVIDIA GeForce RTX 3050 Laptop GPU (ID=0x25a2)
    Vendor:          NVIDIA
    VRAM:            3964 MB
    App VRAM Budget: 3369 MB
    Driver:          32.0.15.6636
Initialize mono
Mono path[0] = 'C:/Program Files/Unity/Hub/Editor/6000.1.2f1/Editor/Data/Managed'
Mono path[1] = 'C:/Program Files/Unity/Hub/Editor/6000.1.2f1/Editor/Data/MonoBleedingEdge/lib/mono/unityjit-win32'
Mono config path = 'C:/Program Files/Unity/Hub/Editor/6000.1.2f1/Editor/Data/MonoBleedingEdge/etc'
Using monoOptions --debugger-agent=transport=dt_socket,embedding=1,server=y,suspend=n,address=127.0.0.1:56252
Begin MonoManager ReloadAssembly
Registering precompiled unity dll's ...
Register platform support module: C:/Program Files/Unity/Hub/Editor/6000.1.2f1/Editor/Data/PlaybackEngines/WindowsStandaloneSupport/UnityEditor.WindowsStandalone.Extensions.dll
Registered in 0.005036 seconds.
- Loaded All Assemblies, in  0.767 seconds
Native extension for WindowsStandalone target not found
Mono: successfully reloaded assembly
- Finished resetting the current domain, in  0.815 seconds
Domain Reload Profiling: 1576ms
	BeginReloadAssembly (258ms)
		ExecutionOrderSort (0ms)
		DisableScriptedObjects (0ms)
		BackupInstance (0ms)
		ReleaseScriptingObjects (0ms)
		CreateAndSetChildDomain (1ms)
	RebuildCommonClasses (75ms)
	RebuildNativeTypeToScriptingClass (19ms)
	initialDomainReloadingComplete (96ms)
	LoadAllAssembliesAndSetupDomain (312ms)
		LoadAssemblies (251ms)
		RebuildTransferFunctionScriptingTraits (0ms)
		AnalyzeDomain (305ms)
			TypeCache.Refresh (302ms)
				TypeCache.ScanAssembly (275ms)
			BuildScriptInfoCaches (0ms)
			ResolveRequiredComponents (1ms)
	FinalizeReload (816ms)
		ReleaseScriptCaches (0ms)
		RebuildScriptCaches (0ms)
		SetupLoadedEditorAssemblies (713ms)
			LogAssemblyErrors (0ms)
			InitializePlatformSupportModulesInManaged (88ms)
			SetLoadedEditorAssemblies (7ms)
			BeforeProcessingInitializeOnLoad (126ms)
			ProcessInitializeOnLoadAttributes (329ms)
			ProcessInitializeOnLoadMethodAttributes (162ms)
			AfterProcessingInitializeOnLoad (0ms)
			EditorAssembliesLoaded (0ms)
		ExecutionOrderSort2 (0ms)
		AwakeInstancesAfterBackupRestoration (0ms)
========================================================================
Worker process is ready to serve import requests
Import Worker Mode flag is 0x00
Begin MonoManager ReloadAssembly
- Loaded All Assemblies, in  2.395 seconds
Refreshing native plugins compatible for Editor in 25.26 ms, found 4 plugins.
Native extension for WindowsStandalone target not found
Mono: successfully reloaded assembly
- Finished resetting the current domain, in  1.868 seconds
Domain Reload Profiling: 4250ms
	BeginReloadAssembly (430ms)
		ExecutionOrderSort (0ms)
		DisableScriptedObjects (12ms)
		BackupInstance (0ms)
		ReleaseScriptingObjects (0ms)
		CreateAndSetChildDomain (91ms)
	RebuildCommonClasses (85ms)
	RebuildNativeTypeToScriptingClass (19ms)
	initialDomainReloadingComplete (80ms)
	LoadAllAssembliesAndSetupDomain (1767ms)
		LoadAssemblies (1458ms)
		RebuildTransferFunctionScriptingTraits (0ms)
		AnalyzeDomain (554ms)
			TypeCache.Refresh (406ms)
				TypeCache.ScanAssembly (370ms)
			BuildScriptInfoCaches (120ms)
			ResolveRequiredComponents (21ms)
	FinalizeReload (1869ms)
		ReleaseScriptCaches (0ms)
		RebuildScriptCaches (0ms)
		SetupLoadedEditorAssemblies (1526ms)
			LogAssemblyErrors (0ms)
			InitializePlatformSupportModulesInManaged (3ms)
			SetLoadedEditorAssemblies (6ms)
			BeforeProcessingInitializeOnLoad (358ms)
			ProcessInitializeOnLoadAttributes (889ms)
			ProcessInitializeOnLoadMethodAttributes (258ms)
			AfterProcessingInitializeOnLoad (13ms)
			EditorAssembliesLoaded (1ms)
		ExecutionOrderSort2 (0ms)
		AwakeInstancesAfterBackupRestoration (15ms)
Launched and connected shader compiler UnityShaderCompiler.exe after 0.02 seconds
Refreshing native plugins compatible for Editor in 4.81 ms, found 4 plugins.
Preloading 0 native plugins for Editor in 0.00 ms.
Unloading 231 Unused Serialized files (Serialized files now loaded: 0)
Unloading 6602 unused Assets / (2.5 MB). Loaded Objects now: 7333.
Memory consumption went from 178.1 MB to 175.6 MB.
Total: 22.395200 ms (FindLiveObjects: 1.992200 ms CreateObjectMapping: 2.289100 ms MarkObjects: 12.771200 ms  DeleteObjects: 5.340900 ms)

========================================================================
Received Import Request.
  Time since last request: 520867.826890 seconds.
  path: Assets/Scenes/Fivelegends.unity
  artifactKey: Guid(b335f6135a5f60e4fa0d148038c932b1) Importer(2089858483,192608db42251d675da83286b1cce702)
Start importing Assets/Scenes/Fivelegends.unity using Guid(b335f6135a5f60e4fa0d148038c932b1) Importer(2089858483,192608db42251d675da83286b1cce702) (ScriptedImporter) -> (artifact id: 'a5cfa9fffe84399a889ddbfe881a25c0') in 0.3831668 seconds
Number of updated asset objects reloaded before import = 0Number of asset objects unloaded after import = 1

========================================================================
Received Import Request.
  Time since last request: 0.000041 seconds.
  path: Assets/YughuesFreeFlooringMaterials/Materials/M_YFFlM_08.mat
  artifactKey: Guid(5c0de40c69f48b14eb67d6190333581f) Importer(2089858483,192608db42251d675da83286b1cce702)
Start importing Assets/YughuesFreeFlooringMaterials/Materials/M_YFFlM_08.mat using Guid(5c0de40c69f48b14eb67d6190333581f) Importer(2089858483,192608db42251d675da83286b1cce702) (ScriptedImporter) -> (artifact id: '716b3bc1cc934c58a5b364a76024b715') in 0.1268949 seconds
Number of updated asset objects reloaded before import = 0Number of asset objects unloaded after import = 3

========================================================================
Received Import Request.
  Time since last request: 0.000048 seconds.
  path: Assets/YughuesFreeFlooringMaterials/Preview/Sc_YFFlM_Preview.unity
  artifactKey: Guid(d65cdaf43baefb445b11f7bd7d1faeac) Importer(2089858483,3d70f49cd1c2eb9ae422958d1c652c6b)
Start importing Assets/YughuesFreeFlooringMaterials/Preview/Sc_YFFlM_Preview.unity using Guid(d65cdaf43baefb445b11f7bd7d1faeac) Importer(2089858483,3d70f49cd1c2eb9ae422958d1c652c6b) (ScriptedImporter)Opening scene 'Assets/YughuesFreeFlooringMaterials/Preview/Sc_YFFlM_Preview.unity additively'
LightingSettings: switching bake backend from 1 to 2.
Loaded scene 'Assets/YughuesFreeFlooringMaterials/Preview/Sc_YFFlM_Preview.unity'
	Deserialize:            29.944 ms
	Integration:            114.748 ms
	Integration of assets:  0.010 ms
	Thread Wait Time:       0.030 ms
	Total Operation Time:   144.732 ms
 -> (artifact id: '50fcbfeeed33b44ef8e1064872096597') in 0.26953 seconds
Number of updated asset objects reloaded before import = 0Number of asset objects unloaded after import = 48

========================================================================
Received Import Request.
  Time since last request: 0.000044 seconds.
  path: Assets/YughuesFreeFlooringMaterials/Preview/Sc_YFFlM_Preview/LightingData.asset
  artifactKey: Guid(21192fc02a919fb4c92d8d0c70f4cd3f) Importer(2089858483,3d70f49cd1c2eb9ae422958d1c652c6b)
Start importing Assets/YughuesFreeFlooringMaterials/Preview/Sc_YFFlM_Preview/LightingData.asset using Guid(21192fc02a919fb4c92d8d0c70f4cd3f) Importer(2089858483,3d70f49cd1c2eb9ae422958d1c652c6b) (ScriptedImporter) -> (artifact id: 'ed3129ab05ab0cf92e20137d906d0bc0') in 0.0376896 seconds
Number of updated asset objects reloaded before import = 0Number of asset objects unloaded after import = 1

========================================================================
Received Import Request.
  Time since last request: 0.000051 seconds.
  path: Assets/BluBlu Games/2D Animated Skeletons/Characters/skeleton.psb
  artifactKey: Guid(1544dcfa642130a45be38de38cc68fae) Importer(2089858483,192608db42251d675da83286b1cce702)
Start importing Assets/BluBlu Games/2D Animated Skeletons/Characters/skeleton.psb using Guid(1544dcfa642130a45be38de38cc68fae) Importer(2089858483,192608db42251d675da83286b1cce702) (ScriptedImporter) -> (artifact id: '33ef416f5d5c1c107216c9845b7ea9df') in 0.6104621 seconds
Number of updated asset objects reloaded before import = 0Number of asset objects unloaded after import = 127

========================================================================
Received Import Request.
  Time since last request: 0.000044 seconds.
  path: Assets/YughuesFreeFlooringMaterials/Materials/M_YFFlM_02.mat
  artifactKey: Guid(057523c35ac98894fa1692c16a6b2827) Importer(2089858483,192608db42251d675da83286b1cce702)
Start importing Assets/YughuesFreeFlooringMaterials/Materials/M_YFFlM_02.mat using Guid(057523c35ac98894fa1692c16a6b2827) Importer(2089858483,192608db42251d675da83286b1cce702) (ScriptedImporter) -> (artifact id: '222edb3b7574f2da759856eb8e0b8fda') in 0.0453571 seconds
Number of updated asset objects reloaded before import = 0Number of asset objects unloaded after import = 4

========================================================================
Received Import Request.
  Time since last request: 0.000059 seconds.
  path: Assets/BluBlu Games/2D Animated Skeletons/Animations/Skeleton animations/Attack.anim
  artifactKey: Guid(c4b3b5b425dbc2b4c98f18c1111222d2) Importer(2089858483,192608db42251d675da83286b1cce702)
Start importing Assets/BluBlu Games/2D Animated Skeletons/Animations/Skeleton animations/Attack.anim using Guid(c4b3b5b425dbc2b4c98f18c1111222d2) Importer(2089858483,192608db42251d675da83286b1cce702) (ScriptedImporter) -> (artifact id: '4e14d2f65fda02b45f1e5a04c19c985c') in 0.0421331 seconds
Number of updated asset objects reloaded before import = 0Number of asset objects unloaded after import = 1

========================================================================
Received Import Request.
  Time since last request: 0.000027 seconds.
  path: Assets/Settings/Lit2DSceneTemplate.scenetemplate
  artifactKey: Guid(d03ed43fc9d8a4f2e9fa70c1c7916eb9) Importer(2089858483,192608db42251d675da83286b1cce702)
Start importing Assets/Settings/Lit2DSceneTemplate.scenetemplate using Guid(d03ed43fc9d8a4f2e9fa70c1c7916eb9) Importer(2089858483,192608db42251d675da83286b1cce702) (ScriptedImporter) -> (artifact id: 'f8dc5baf896c9259499d6ce98ba399b6') in 0.1063871 seconds
Number of updated asset objects reloaded before import = 0Number of asset objects unloaded after import = 4

========================================================================
Received Import Request.
  Time since last request: 0.000034 seconds.
  path: Assets/YughuesFreeFlooringMaterials/Textures/T_YFFlM_05_s.tga
  artifactKey: Guid(9b90420c4b45314468f0c5a78238ff13) Importer(2089858483,192608db42251d675da83286b1cce702)
Start importing Assets/YughuesFreeFlooringMaterials/Textures/T_YFFlM_05_s.tga using Guid(9b90420c4b45314468f0c5a78238ff13) Importer(2089858483,192608db42251d675da83286b1cce702) (ScriptedImporter) -> (artifact id: '90ed1e72d811c1e80a6bbe585d890a52') in 0.1056785 seconds
Number of updated asset objects reloaded before import = 0Number of asset objects unloaded after import = 1

========================================================================
Received Import Request.
  Time since last request: 0.000044 seconds.
  path: Assets/BluBlu Games/2D Animated Skeletons/Characters/skeleton rotten.psb
  artifactKey: Guid(0f6639ad26652b94899a70bfa1ad30c5) Importer(2089858483,192608db42251d675da83286b1cce702)
Start importing Assets/BluBlu Games/2D Animated Skeletons/Characters/skeleton rotten.psb using Guid(0f6639ad26652b94899a70bfa1ad30c5) Importer(2089858483,192608db42251d675da83286b1cce702) (ScriptedImporter) -> (artifact id: 'bd6d29203cc6e13615cb2a05125feedd') in 0.5651146 seconds
Number of updated asset objects reloaded before import = 0Number of asset objects unloaded after import = 132

========================================================================
Received Prepare
Refreshing native plugins compatible for Editor in 3.85 ms, found 4 plugins.
Preloading 0 native plugins for Editor in 0.00 ms.
Unloading 14 Unused Serialized files (Serialized files now loaded: 0)
Unloading 17 unused Assets / (1.8 MB). Loaded Objects now: 7340.
Memory consumption went from 138.9 MB to 137.1 MB.
Total: 15.240700 ms (FindLiveObjects: 0.873900 ms CreateObjectMapping: 0.840900 ms MarkObjects: 11.609800 ms  DeleteObjects: 1.913400 ms)

Prepare: number of updated asset objects reloaded= 0
Editor requested this worker to shutdown with reason: balancing worker count downwards
AssetImportWorker is now disconnected from the server
Process exiting
Exiting without the bug reporter. Application will terminate with return code 0